"../../../Engine/Content/EditorMaterials/Cross.uasset" 0
"../../../Engine/Content/EditorMaterials/Cross_Mat.uasset" 1
"../../../Engine/Content/EditorMaterials/GizmoMaterial.uasset" 2
"../../../Engine/Content/Functions/Engine_MaterialFunctions02/Utility/Sign.uasset" 3
"../../../Engine/Content/Functions/Engine_MaterialFunctions02/Utility/Round.uasset" 4
"../../../Engine/Content/Functions/Engine_MaterialFunctions02/ExampleContent/Textures/flipbook.uasset" 5
"../../../Engine/Content/Functions/Engine_MaterialFunctions02/Texturing/FlipBook.uasset" 6
"../../../Engine/Content/EditorResources/T_EditorHelp.uasset" 7
"../../../Engine/Content/EditorMaterials/HelpActorMaterial.uasset" 8
"../../../Engine/Content/EditorMaterials/CompositeARGBLayer.uasset" 9
"../../../Engine/Content/EditorMaterials/TilingAALineIntegral.uasset" 10
"../../../Engine/Content/EditorMaterials/TilingAALineBoxFiltered.uasset" 11
"../../../Engine/Content/Functions/Engine_MaterialFunctions03/Procedurals/ComputeFilterWidth.uasset" 12
"../../../Engine/Content/EditorMaterials/TilingAADots.uasset" 13
"../../../Engine/Content/EngineMaterials/BlendFunc_DefBase.uasset" 14
"../../../Engine/Content/EngineMaterials/BlendFunc_DefBlend.uasset" 15
"../../../Engine/Content/Functions/Engine_MaterialFunctions03/Blends/Blend_Screen.uasset" 16
"../../../Engine/Content/EditorMaterials/TilingAAGrid.uasset" 17
"../../../Engine/Content/EditorMaterials/LevelGridMaterial.uasset" 18
"../../../Engine/Content/EditorMaterials/MakeCompositeARGBLayer.uasset" 19
"../../../Engine/Content/EditorResources/LevelGrid1DStripes.uasset" 20
"../../../Engine/Content/EditorMaterials/TextureGridCascaded1D.uasset" 21
"../../../Engine/Content/EditorMaterials/TextureGridCascaded2D.uasset" 22
"../../../Engine/Content/EditorMaterials/LevelGridMaterial2.uasset" 23
"../../../Engine/Content/EditorMaterials/MAT_Groups_Toggle.uasset" 24
"../../../Engine/Content/EditorMaterials/MAT_Groups_Visibility.uasset" 25
"../../../Engine/Content/EditorMaterials/PhAT_BoneSelectedMaterial.uasset" 26
"../../../Engine/Content/EditorMaterials/PhAT_ElemSelectedMaterial.uasset" 27
"../../../Engine/Content/EditorMaterials/PhAT_NoCollisionMaterial.uasset" 28
"../../../Engine/Content/EditorMaterials/PhAT_UnselectedMaterial.uasset" 29
"../../../Engine/Content/EditorMaterials/PreviewShadowIndicator.uasset" 30
"../../../Engine/Content/EditorMaterials/PreviewShadowIndicatorMaterial.uasset" 31
"../../../Engine/Content/EditorMaterials/TargetIcon.uasset" 32
"../../../Engine/Content/EditorMaterials/Tick.uasset" 33
"../../../Engine/Content/EditorMaterials/Tick_Mat.uasset" 34
"../../../Engine/Content/EditorMaterials/WidgetGridVertexColorMaterial.uasset" 35
"../../../Engine/Content/EditorMaterials/WidgetGridVertexColorMaterial_Ma.uasset" 36
"../../../Engine/Content/EditorMaterials/WidgetMaterial.uasset" 37
"../../../Engine/Content/EditorMaterials/WidgetMaterial_Current.uasset" 38
"../../../Engine/Content/EditorMaterials/WidgetMaterial_X.uasset" 39
"../../../Engine/Content/EditorMaterials/WidgetMaterial_Y.uasset" 40
"../../../Engine/Content/EditorMaterials/WidgetMaterial_Z.uasset" 41
"../../../Engine/Content/EditorMaterials/WidgetVertexColorMaterial.uasset" 42
"../../../Engine/Content/EditorMaterials/MatineeGroups/MAT_ColorTrack.uasset" 43
"../../../Engine/Content/EditorMaterials/MatineeGroups/MAT_Groups_Anim.uasset" 44
"../../../Engine/Content/EditorMaterials/MatineeGroups/MAT_Groups_AudioMaster.uasset" 45
"../../../Engine/Content/EditorMaterials/MatineeGroups/MAT_Groups_Director.uasset" 46
"../../../Engine/Content/EditorMaterials/MatineeGroups/MAT_Groups_Event.uasset" 47
"../../../Engine/Content/EditorMaterials/MatineeGroups/MAT_Groups_Fade.uasset" 48
"../../../Engine/Content/EditorMaterials/MatineeGroups/MAT_Groups_Float.uasset" 49
"../../../Engine/Content/EditorMaterials/MatineeGroups/MAT_Groups_Move.uasset" 50
"../../../Engine/Content/EditorMaterials/MatineeGroups/MAT_Groups_Slomo.uasset" 51
"../../../Engine/Content/EditorMaterials/MatineeGroups/MAT_Groups_Sound.uasset" 52
"../../../Engine/Content/EditorMaterials/MatineeGroups/MAT_Groups_Vector.uasset" 53
"../../../Engine/Content/EditorMaterials/ParticleSystems/PSysThumbnail_NoImage.uasset" 54
"../../../Engine/Content/EditorMaterials/ParticleSystems/PSysThumbnail_OOD.uasset" 55
"../../../Engine/Content/EngineMaterials/Grid.uasset" 56
"../../../Engine/Content/EditorMaterials/Thumbnails/FloorPlaneMaterial.uasset" 57
"../../../Engine/Content/EditorMeshes/EditorCube.uasset" 58
"../../../Engine/Content/EditorMeshes/EditorCylinder.uasset" 59
"../../../Engine/Content/EditorMeshes/EditorPlane.uasset" 60
"../../../Engine/Content/EditorMaterials/Thumbnails/SkySphereMaterial.uasset" 61
"../../../Engine/Content/EditorMeshes/EditorSkySphere.uasset" 62
"../../../Engine/Content/EditorMeshes/EditorSphere.uasset" 63
"../../../Engine/Content/EditorResources/MatineeCam_D.uasset" 64
"../../../Engine/Content/EditorMaterials/MatineeCam_mat.uasset" 65
"../../../Engine/Content/EditorMeshes/MatineeCam_SM.uasset" 66
"../../../Engine/Content/EditorMaterials/Camera/CineMat.uasset" 67
"../../../Engine/Content/EditorMaterials/Camera/MI_CineMat_CameraBody.uasset" 68
"../../../Engine/Content/EngineDebugMaterials/M_SimpleOpaque.uasset" 69
"../../../Engine/Content/EditorMaterials/Camera/MI_CineMat_CamViewFinder.uasset" 70
"../../../Engine/Content/EditorMeshes/Camera/SM_CineCam.uasset" 71
"../../../Engine/Content/EditorMaterials/Camera/MI_CineMat_Rig.uasset" 72
"../../../Engine/Content/EditorMeshes/Camera/SM_CraneRig_Arm.uasset" 73
"../../../Engine/Content/EditorMeshes/Camera/SM_CraneRig_Base.uasset" 74
"../../../Engine/Content/EditorMeshes/Camera/SM_CraneRig_Body.uasset" 75
"../../../Engine/Content/EditorMeshes/Camera/SM_CraneRig_Mount.uasset" 76
"../../../Engine/Content/EditorMeshes/Camera/SM_RailRig_Mount.uasset" 77
"../../../Engine/Content/EditorMeshes/Camera/SM_RailRig_Track.uasset" 78
"../../../Engine/Content/EditorResources/Bad.uasset" 79
"../../../Engine/Content/EditorResources/BSPVertex.uasset" 80
"../../../Engine/Content/EditorResources/EmptyActor.uasset" 81
"../../../Engine/Content/EditorResources/MatInstActSprite.uasset" 82
"../../../Engine/Content/EditorResources/SceneManager.uasset" 83
"../../../Engine/Content/EditorResources/SmallFont.uasset" 84
"../../../Engine/Content/EditorResources/S_Actor.uasset" 85
"../../../Engine/Content/EditorResources/S_DecalActorIcon.uasset" 86
"../../../Engine/Content/EditorResources/S_Emitter.uasset" 87
"../../../Engine/Content/EditorResources/S_ExpoHeightFog.uasset" 88
"../../../Engine/Content/EditorResources/S_FTest.uasset" 89
"../../../Engine/Content/EditorResources/S_KBSJoint.uasset" 90
"../../../Engine/Content/EditorResources/S_KHinge.uasset" 91
"../../../Engine/Content/EditorResources/S_KPrismatic.uasset" 92
"../../../Engine/Content/EditorResources/S_LevelSequence.uasset" 93
"../../../Engine/Content/EditorResources/S_NavP.uasset" 94
"../../../Engine/Content/EditorResources/S_Note.uasset" 95
"../../../Engine/Content/EditorResources/S_Player.uasset" 96
"../../../Engine/Content/EditorResources/S_PortalActorIcon2.uasset" 97
"../../../Engine/Content/EditorResources/S_RadForce.uasset" 98
"../../../Engine/Content/EditorResources/S_ReflActorIcon.uasset" 99
"../../../Engine/Content/EditorResources/S_Terrain.uasset" 100
"../../../Engine/Content/EditorResources/S_TextRenderActorIcon.uasset" 101
"../../../Engine/Content/EditorResources/S_Thruster.uasset" 102
"../../../Engine/Content/EditorResources/S_Trigger.uasset" 103
"../../../Engine/Content/EditorResources/S_VectorFieldVol.uasset" 104
"../../../Engine/Content/EditorResources/S_WindDirectional.uasset" 105
"../../../Engine/Content/EditorResources/AI/S_NavLink.uasset" 106
"../../../Engine/Content/EditorResources/LightIcons/SkyLight.uasset" 107
"../../../Engine/Content/EditorResources/LightIcons/S_LightDirectional.uasset" 108
"../../../Engine/Content/EditorResources/LightIcons/S_LightDirectionalMove.uasset" 109
"../../../Engine/Content/EditorResources/LightIcons/S_LightError.uasset" 110
"../../../Engine/Content/EditorResources/LightIcons/S_LightPoint.uasset" 111
"../../../Engine/Content/EditorResources/LightIcons/S_LightPointMove.uasset" 112
"../../../Engine/Content/EditorResources/LightIcons/S_LightSpot.uasset" 113
"../../../Engine/Content/EditorResources/LightIcons/S_LightSpotMove.uasset" 114
"../../../Engine/Content/EditorResources/SequenceRecorder/Countdown.uasset" 115
"../../../Engine/Content/EditorResources/SequenceRecorder/RecordingIndicator.uasset" 116
"../../../Engine/Content/EditorResources/Spline/T_Loft_Spline.uasset" 117
"../../../Engine/Content/EditorSounds/Notifications/CompileFailed.uasset" 118
"../../../Engine/Content/EditorSounds/Notifications/CompileFailed_Cue.uasset" 119
"../../../Engine/Content/EditorSounds/Notifications/CompileSuccess.uasset" 120
"../../../Engine/Content/EditorSounds/Notifications/CompileStart_Cue.uasset" 121
"../../../Engine/Content/EditorSounds/Notifications/CompileSuccess_Cue.uasset" 122
"../../../Engine/Content/EngineDamageTypes/DmgTypeBP_Environmental.uasset" 123
"../../../Engine/Content/EngineDebugMaterials/HeatmapGradient.uasset" 124
"../../../Engine/Content/EngineDebugMaterials/BoneWeightMaterial.uasset" 125
"../../../Engine/Content/EngineDebugMaterials/ClothMaterial.uasset" 126
"../../../Engine/Content/EngineDebugMaterials/ClothMaterial_WF.uasset" 127
"../../../Engine/Content/EngineDebugMaterials/DebugEditorMaterial.uasset" 128
"../../../Engine/Content/EngineDebugMaterials/DebugMeshMaterial.uasset" 129
"../../../Engine/Content/EngineDebugMaterials/GeomMaterial.uasset" 130
"../../../Engine/Content/Functions/Engine_MaterialFunctions01/Shading/ConvertFromDiffSpec.uasset" 131
"../../../Engine/Content/EngineDebugMaterials/LevelColorationLitMaterial.uasset" 132
"../../../Engine/Content/EngineDebugMaterials/LevelColorationUnlitMaterial.uasset" 133
"../../../Engine/Content/EngineMaterials/DefaultWhiteGrid.uasset" 134
"../../../Engine/Content/EngineDebugMaterials/MAT_LevelColorationLitLightmapUV.uasset" 135
"../../../Engine/Content/EngineDebugMaterials/M_SimpleTranslucent.uasset" 136
"../../../Engine/Content/EngineDebugMaterials/ShadedLevelColorationLitMaterial.uasset" 137
"../../../Engine/Content/EngineDebugMaterials/ShadedLevelColorationUnlitMateri.uasset" 138
"../../../Engine/Content/EngineDebugMaterials/VertexColorMaterial.uasset" 139
"../../../Engine/Content/EngineDebugMaterials/VertexColorViewMode_AlphaAsColor.uasset" 140
"../../../Engine/Content/EngineDebugMaterials/VertexColorViewMode_BlueOnly.uasset" 141
"../../../Engine/Content/EngineDebugMaterials/VertexColorViewMode_ColorOnly.uasset" 142
"../../../Engine/Content/EngineDebugMaterials/VertexColorViewMode_GreenOnly.uasset" 143
"../../../Engine/Content/EngineDebugMaterials/VertexColorViewMode_RedOnly.uasset" 144
"../../../Engine/Content/EngineDebugMaterials/WireframeMaterial.uasset" 145
"../../../Engine/Content/EngineFonts/Faces/RobotoBold.uasset" 146
"../../../Engine/Content/EngineFonts/Faces/RobotoBoldItalic.uasset" 147
"../../../Engine/Content/EngineFonts/Faces/RobotoItalic.uasset" 148
"../../../Engine/Content/EngineFonts/Faces/RobotoLight.uasset" 149
"../../../Engine/Content/EngineFonts/Faces/RobotoRegular.uasset" 150
"../../../Engine/Content/EngineFonts/Roboto.uasset" 151
"../../../Engine/Content/EngineFonts/Faces/RobotoTiny.uasset" 152
"../../../Engine/Content/EngineFonts/RobotoTiny.uasset" 153
"../../../Engine/Content/EngineFonts/SmallFont.uasset" 154
"../../../Engine/Content/EngineFonts/TinyFont.uasset" 155
"../../../Engine/Content/EngineMaterials/BaseFlattenDiffuseMap.uasset" 156
"../../../Engine/Content/EngineMaterials/BaseFlattenEmissiveMap.uasset" 157
"../../../Engine/Content/EngineMaterials/BaseFlattenGrayscaleMap.uasset" 158
"../../../Engine/Content/EngineMaterials/BaseFlattenNormalMap.uasset" 159
"../../../Engine/Content/EngineMaterials/BaseFlattenMaterial.uasset" 160
"../../../Engine/Content/EngineResources/WhiteSquareTexture.uasset" 161
"../../../Engine/Content/EngineMaterials/BlinkingCaret.uasset" 162
"../../../Engine/Content/EngineMaterials/DefaultBloomKernel.uasset" 163
"../../../Engine/Content/EngineMaterials/DefaultBokeh.uasset" 164
"../../../Engine/Content/EngineMaterials/DefaultDiffuse.uasset" 165
"../../../Engine/Content/EngineMaterials/DefaultDeferredDecalMaterial.uasset" 166
"../../../Engine/Content/EngineMaterials/DefaultLightFunctionMaterial.uasset" 167
"../../../Engine/Content/EngineMaterials/DefaultNormal.uasset" 168
"../../../Engine/Content/Functions/Engine_MaterialFunctions02/Utility/BreakOutFloat2Components.uasset" 169
"../../../Engine/Content/EngineMaterials/DefaultPostProcessMaterial.uasset" 170
"../../../Engine/Content/EngineFonts/RobotoDistanceField.uasset" 171
"../../../Engine/Content/EngineMaterials/DefaultTextMaterialOpaque.uasset" 172
"../../../Engine/Content/EngineMaterials/EditorBrushMaterial.uasset" 173
"../../../Engine/Content/EngineMaterials/Good64x64TilingNoiseHighFreq.uasset" 174
"../../../Engine/Content/EngineMaterials/Grid_N.uasset" 175
"../../../Engine/Content/EngineMaterials/HighResolutionScreenshotMaskFunction.uasset" 176
"../../../Engine/Content/EngineMaterials/HighResScreenshot.uasset" 177
"../../../Engine/Content/EngineMaterials/HighResScreenshotCaptureRegion.uasset" 178
"../../../Engine/Content/EngineMaterials/HighResScreenshotMask.uasset" 179
"../../../Engine/Content/EngineMaterials/LandscapeHolePhysicalMaterial.uasset" 180
"../../../Engine/Content/EngineMaterials/InvalidLightmapSettings.uasset" 181
"../../../Engine/Content/EngineMaterials/M_InvalidLightmapSettings.uasset" 182
"../../../Engine/Content/EngineMaterials/PaperDiffuse.uasset" 183
"../../../Engine/Content/EngineMaterials/PaperNormal.uasset" 184
"../../../Engine/Content/Functions/Engine_MaterialFunctions02/WorldPositionOffset/CameraOffset.uasset" 185
"../../../Engine/Content/EngineMaterials/PhAT_JointLimitMaterial.uasset" 186
"../../../Engine/Content/EngineMaterials/PhysMat_Rubber.uasset" 187
"../../../Engine/Content/EngineMaterials/PreintegratedSkinBRDF.uasset" 188
"../../../Engine/Content/EngineMaterials/RemoveSurfaceMaterial.uasset" 189
"../../../Engine/Content/EngineMaterials/WeightMapPlaceholderTexture.uasset" 190
"../../../Engine/Content/EngineMaterials/Widget3DPassThrough.uasset" 191
"../../../Engine/Content/EngineMaterials/Widget3DPassThrough_Masked.uasset" 192
"../../../Engine/Content/EngineMaterials/Widget3DPassThrough_Opaque.uasset" 193
"../../../Engine/Content/EngineMaterials/Widget3DPassThrough_Masked_OneSided.uasset" 194
"../../../Engine/Content/EngineMaterials/Widget3DPassThrough_Opaque_OneSided.uasset" 195
"../../../Engine/Content/EngineMaterials/Widget3DPassThrough_Translucent.uasset" 196
"../../../Engine/Content/EngineMaterials/Widget3DPassThrough_Translucent_OneSided.uasset" 197
"../../../Engine/Content/Functions/Engine_MaterialFunctions01/Opacity/CameraDepthFade.uasset" 198
"../../../Engine/Content/EngineMaterials/T_Default_Material_Grid_M.uasset" 199
"../../../Engine/Content/EngineMaterials/T_Default_Material_Grid_N.uasset" 200
"../../../Engine/Content/EngineMaterials/DefaultMaterial.uasset" 201
"../../../Engine/Content/EngineMeshes/Cylinder.uasset" 202
"../../../Engine/Content/EngineMeshes/Sphere.uasset" 203
"../../../Engine/Content/EngineResources/Black.uasset" 204
"../../../Engine/Content/EngineResources/DefaultTexture.uasset" 205
"../../../Engine/Content/EngineResources/DefaultTextureCube.uasset" 206
"../../../Engine/Content/EngineResources/DefaultVolumeTexture2D.uasset" 207
"../../../Engine/Content/EngineResources/DefaultVolumeTexture.uasset" 208
"../../../Engine/Content/EngineResources/GradientTexture0.uasset" 209
"../../../Engine/Content/EngineResources/StreamingPauseIcon.uasset" 210
"../../../Engine/Content/EngineResources/M_StreamingPause.uasset" 211
"../../../Engine/Content/EngineSounds/Master.uasset" 212
"../../../Engine/Content/Functions/Engine_MaterialFunctions01/Shading/PowerToRoughness.uasset" 213
"../../../Engine/Content/Maps/Templates/Thumbnails/Default.uasset" 214
"../../../Engine/Content/Maps/Templates/Thumbnails/VR-Basic.uasset" 215
"../../../Engine/Content/MapTemplates/Sky/DaylightAmbientCubemap.uasset" 216
"../../../Engine/Content/MobileResources/T_MobileControls_texture.uasset" 217
"../../../Engine/Content/MobileResources/T_MobileMenu2.uasset" 218
"../../../Engine/Content/MobileResources/HUD/AnalogHat.uasset" 219
"../../../Engine/Content/MobileResources/HUD/VirtualJoystick_Background.uasset" 220
"../../../Engine/Content/MobileResources/HUD/VirtualJoystick_Thumb.uasset" 221
"../../../Engine/Content/MobileResources/HUD/DefaultVirtualJoysticks.uasset" 222
"../../../Engine/Content/MobileResources/HUD/LeftVirtualJoystickOnly.uasset" 223
"../../../Engine/Content/MobileResources/HUD/MobileHUDButton1_off.uasset" 224
"../../../Engine/Content/MobileResources/HUD/MobileHUDButton1_on.uasset" 225
"../../../Engine/Content/MobileResources/HUD/MobileHUDButton2_off.uasset" 226
"../../../Engine/Content/MobileResources/HUD/MobileHUDButton2_on.uasset" 227
"../../../Engine/Content/MobileResources/HUD/MobileHUDButton3.uasset" 228
"../../../Engine/Content/MobileResources/HUD/MobileHUDButtonFire.uasset" 229
"../../../Engine/Content/MobileResources/HUD/MobileHUDDirectionPad.uasset" 230
"../../../Engine/Content/MobileResources/HUD/MobileHUDDirectionPad2.uasset" 231
"../../../Engine/Content/MobileResources/HUD/MobileHUDDirectionPad3.uasset" 232
"../../../Engine/Content/MobileResources/HUD/MobileHUDDirectionStick.uasset" 233
"../../../Engine/Content/MobileResources/HUD/T_Castle_ThumbstickInner.uasset" 234
"../../../Engine/Content/MobileResources/HUD/T_Castle_ThumbstickOutter.uasset" 235
"../../../Engine/Content/Tutorial/ContentIntroCurve.uasset" 236
"../../../Engine/Content/Tutorial/Basics/TutorialAssets/icon_tab_Levels_40x.uasset" 237
"../../../Engine/Content/VREditor/LaserPointer/VR_LaserPower_01.uasset" 238
"../../../Engine/Content/VREditor/TransformGizmo/TransformGizmoMaterial.uasset" 239
"../../../Engine/Content/VREditor/TransformGizmo/TranslucentTransformGizmoMaterial.uasset" 240
"../../../Engine/Content/VREditor/TransformGizmo/BoundingBoxCorner.uasset" 241
"../../../Engine/Content/VREditor/TransformGizmo/BoundingBoxEdge.uasset" 242
"../../../Engine/Content/VREditor/TransformGizmo/PlaneTranslationHandle.uasset" 243
"../../../Engine/Content/VREditor/TransformGizmo/Main.uasset" 244
"../../../Engine/Content/VREditor/TransformGizmo/Xray.uasset" 245
"../../../Engine/Content/VREditor/TransformGizmo/SM_Sequencer_Key.uasset" 246
"../../../Engine/Content/VREditor/TransformGizmo/SM_Sequencer_Node.uasset" 247
"F:/Documents/Unreal Projects/a4PersonLocal 4.20/Content/Local_Multiplayer/Maps/Selection_Content/FadetoBlack.uasset" 248
"../../../Engine/Content/EngineMaterials/WorldGridMaterial.uasset" 249
"../../../Engine/Content/ArtTools/RenderToTexture/Meshes/S_1_Unit_Plane.uasset" 250
"../../../Engine/Content/BasicShapes/Cone.uasset" 251
"../../../Engine/Content/BasicShapes/Cylinder.uasset" 252
"../../../Engine/Content/BasicShapes/Plane.uasset" 253
"../../../Engine/Content/BasicShapes/Sphere.uasset" 254
"../../../Engine/Content/EngineMaterials/DefaultPhysicalMaterial.uasset" 255
"../../../Engine/Content/BufferVisualization/AmbientOcclusion.uasset" 256
"../../../Engine/Content/BufferVisualization/BaseColor.uasset" 257
"../../../Engine/Content/BufferVisualization/CustomDepth.uasset" 258
"../../../Engine/Content/Functions/Engine_MaterialFunctions02/Utility/VectorLength.uasset" 259
"../../../Engine/Content/BufferVisualization/CustomDepthWorldUnits.uasset" 260
"../../../Engine/Content/Functions/Engine_MaterialFunctions01/Texturing/ScaleUVsByCenter.uasset" 261
"../../../Engine/Content/Functions/Engine_MaterialFunctions02/ScreenResolution.uasset" 262
"../../../Engine/Content/Functions/Engine_MaterialFunctions02/Texturing/ScreenAlignedUVs.uasset" 263
"../../../Engine/Content/Functions/Engine_MaterialFunctions02/Utility/MakeFloat2.uasset" 264
"../../../Engine/Content/Functions/Engine_MaterialFunctions02/Utility/MakeFloat3.uasset" 265
"../../../Engine/Content/EngineMaterials/MiniFont.uasset" 266
"../../../Engine/Content/BufferVisualization/CustomStencil.uasset" 267
"../../../Engine/Content/BufferVisualization/FinalImage.uasset" 268
"../../../Engine/Content/BufferVisualization/LightingModel.uasset" 269
"../../../Engine/Content/BufferVisualization/MaterialAO.uasset" 270
"../../../Engine/Content/BufferVisualization/Metallic.uasset" 271
"../../../Engine/Content/BufferVisualization/Opacity.uasset" 272
"../../../Engine/Content/BufferVisualization/PostTonemapHDRColor.uasset" 273
"../../../Engine/Content/BufferVisualization/PreTonemapHDRColor.uasset" 274
"../../../Engine/Content/BufferVisualization/Roughness.uasset" 275
"../../../Engine/Content/BufferVisualization/SceneColor.uasset" 276
"../../../Engine/Content/BufferVisualization/SceneDepth.uasset" 277
"../../../Engine/Content/BufferVisualization/SceneDepthWorldUnits.uasset" 278
"../../../Engine/Content/BufferVisualization/SeparateTranslucencyA.uasset" 279
"../../../Engine/Content/BufferVisualization/SeparateTranslucencyRGB.uasset" 280
"../../../Engine/Content/BufferVisualization/Specular.uasset" 281
"../../../Engine/Content/BufferVisualization/SubsurfaceColor.uasset" 282
"../../../Engine/Content/BufferVisualization/WorldNormal.uasset" 283
"../../../Engine/Content/EditorLandscapeResources/DataLayer.uasset" 284
"../../../Engine/Content/EditorLandscapeResources/DefaultAlphaTexture.uasset" 285
"../../../Engine/Content/EditorLandscapeResources/LandscapeGizmoHeight_Mat.uasset" 286
"../../../Engine/Content/EditorLandscapeResources/LandscapeGizmo_Mat.uasset" 287
"../../../Engine/Content/EditorLandscapeResources/LandscapeGizmo_Mat_Copied.uasset" 288
"../../../Engine/Content/EditorLandscapeResources/SplineEditorMeshMat.uasset" 289
"../../../Engine/Content/EditorLandscapeResources/SplineEditorMesh.uasset" 290
"../../Plugins/2D/Paper2D/Content/PlaceholderTextures/DummySpriteTexture.uasset" 291
"../../Plugins/2D/Paper2D/Content/DummySprite.uasset" 292
"../../Plugins/2D/Paper2D/Content/DefaultPaperTerrainMaterial.uasset" 293
"../../Plugins/2D/Paper2D/Content/DefaultSpriteMaterial.uasset" 294
"../../Plugins/2D/Paper2D/Content/MaskedUnlitSpriteMaterial.uasset" 295
"../../Plugins/2D/Paper2D/Content/OpaqueUnlitSpriteMaterial.uasset" 296
"../../Plugins/Runtime/Oculus/OculusVR/Content/Materials/PokeAHoleMaterial.uasset" 297
"../../Plugins/Runtime/Oculus/OculusVR/Content/Textures/GearVRController_AO.uasset" 298
"../../Plugins/Runtime/Oculus/OculusVR/Content/Textures/GearVRController_Color.uasset" 299
"../../Plugins/Runtime/Oculus/OculusVR/Content/Textures/GearVRController_Normal.uasset" 300
"../../Plugins/Runtime/Oculus/OculusVR/Content/Materials/GearVRControllerMaterial.uasset" 301
"../../Plugins/Runtime/Oculus/OculusVR/Content/Meshes/GearVrController.uasset" 302
"../../Plugins/Runtime/Oculus/OculusVR/Content/Textures/touchController_albedo.uasset" 303
"../../Plugins/Runtime/Oculus/OculusVR/Content/Textures/touchController_controlmap.uasset" 304
"../../Plugins/Runtime/Oculus/OculusVR/Content/Materials/touchController_mat.uasset" 305
"../../Plugins/Runtime/Oculus/OculusVR/Content/Meshes/LeftTouchController.uasset" 306
"../../Plugins/Runtime/Oculus/OculusVR/Content/Meshes/RiftHMD.uasset" 307
"../../Plugins/Runtime/Oculus/OculusVR/Content/Meshes/RightTouchController.uasset" 308
"../../../Engine/Content/Maps/Entry_BuiltData.uasset" 309
"../../../Engine/Content/Maps/Entry.umap" 310
"../../../Engine/Content/EditorBlueprintResources/StandardMacros.uasset" 311
"../../../Engine/Content/EngineSky/C_Sky_Cloud_Color.uasset" 312
"../../../Engine/Content/EngineSky/C_Sky_Horizon_Color.uasset" 313
"../../../Engine/Content/EngineSky/C_Sky_Zenith_Color.uasset" 314
"../../../Engine/Content/EngineSky/T_Sky_Blue.uasset" 315
"../../../Engine/Content/EngineSky/T_Sky_Clouds_M.uasset" 316
"../../../Engine/Content/EngineSky/T_Sky_Stars.uasset" 317
"../../../Engine/Content/EngineSky/M_Sky_Panning_Clouds2.uasset" 318
"../../../Engine/Content/EngineSky/SM_SkySphere.uasset" 319
"../../../Engine/Content/EngineSky/BP_Sky_Sphere.uasset" 320
"F:/Documents/Unreal Projects/a4PersonLocal 4.20/Content/Local_Multiplayer/Blueprints/Default_Instance.uasset" 321
"F:/Documents/Unreal Projects/a4PersonLocal 4.20/Content/Local_Multiplayer/Maps/Testing/intPawn.uasset" 322
"F:/Documents/Unreal Projects/a4PersonLocal 4.20/Content/Local_Multiplayer/Models/Model/Props/Ready_Pad_Prop/IndividualPieces/Base/Base1.uasset" 323
"F:/Documents/Unreal Projects/a4PersonLocal 4.20/Content/Local_Multiplayer/Models/Model/Props/Ready_Pad_Prop/IndividualPieces/Base/palette.uasset" 324
"F:/Documents/Unreal Projects/a4PersonLocal 4.20/Content/Local_Multiplayer/Models/Model/Character/Hats/Bear1.uasset" 325
"F:/Documents/Unreal Projects/a4PersonLocal 4.20/Content/Local_Multiplayer/Models/Model/Character/Hats/palette.uasset" 326
"F:/Documents/Unreal Projects/a4PersonLocal 4.20/Content/Local_Multiplayer/Models/Model/Character/Hats/Chicken.uasset" 327
"F:/Documents/Unreal Projects/a4PersonLocal 4.20/Content/Local_Multiplayer/Models/Model/Character/Characterms2.uasset" 328
"F:/Documents/Unreal Projects/a4PersonLocal 4.20/Content/Local_Multiplayer/Models/Model/Props/Ready_Pad_Prop/IndividualPieces/Ring2/Ringno3.uasset" 329
"F:/Documents/Unreal Projects/a4PersonLocal 4.20/Content/Local_Multiplayer/Models/Model/Props/Ready_Pad_Prop/IndividualPieces/Ring2/palette.uasset" 330
"F:/Documents/Unreal Projects/a4PersonLocal 4.20/Content/Local_Multiplayer/Models/Model/Character/Hats/Hippo.uasset" 331
"F:/Documents/Unreal Projects/a4PersonLocal 4.20/Content/Local_Multiplayer/Models/Model/Character/Characterms3.uasset" 332
"F:/Documents/Unreal Projects/a4PersonLocal 4.20/Content/Local_Multiplayer/Models/Model/Props/Ready_Pad_Prop/Group_Pieces/ReadyFull1.uasset" 333
"F:/Documents/Unreal Projects/a4PersonLocal 4.20/Content/Local_Multiplayer/Models/Model/Props/Ready_Pad_Prop/Group_Pieces/palette.uasset" 334
"F:/Documents/Unreal Projects/a4PersonLocal 4.20/Content/Local_Multiplayer/Models/Model/Character/Hats/Penguin.uasset" 335
"F:/Documents/Unreal Projects/a4PersonLocal 4.20/Content/Local_Multiplayer/Models/Model/Character/Characterms4.uasset" 336
"F:/Documents/Unreal Projects/a4PersonLocal 4.20/Content/Local_Multiplayer/Models/Model/Character/Red.uasset" 337
"../../../Engine/Content/BasicShapes/Cube.uasset" 338
"F:/Documents/Unreal Projects/a4PersonLocal 4.20/Content/Local_Multiplayer/Maps/Selection_Content/ReadyBarriers/P1Barrier.uasset" 339
"../../../Engine/Content/Functions/Engine_MaterialFunctions02/PivotPainter2/2dArrayLookupByIndex.uasset" 340
"F:/Documents/Unreal Projects/a4PersonLocal 4.20/Content/Local_Multiplayer/Models/Model/Character/Green.uasset" 341
"F:/Documents/Unreal Projects/a4PersonLocal 4.20/Content/Local_Multiplayer/Maps/Selection_Content/ReadyBarriers/P2Barrier.uasset" 342
"F:/Documents/Unreal Projects/a4PersonLocal 4.20/Content/Local_Multiplayer/Models/Model/Character/Blue.uasset" 343
"F:/Documents/Unreal Projects/a4PersonLocal 4.20/Content/Local_Multiplayer/Maps/Selection_Content/ReadyBarriers/P3Barrier.uasset" 344
"F:/Documents/Unreal Projects/a4PersonLocal 4.20/Content/Local_Multiplayer/Models/Materials/Yellow.uasset" 345
"F:/Documents/Unreal Projects/a4PersonLocal 4.20/Content/Local_Multiplayer/Maps/Selection_Content/ReadyBarriers/P4Barrier.uasset" 346
"F:/Documents/Unreal Projects/a4PersonLocal 4.20/Content/Local_Multiplayer/Models/Materials/Blue.uasset" 347
"F:/Documents/Unreal Projects/a4PersonLocal 4.20/Content/Local_Multiplayer/Models/Materials/untitled1.uasset" 348
"F:/Documents/Unreal Projects/a4PersonLocal 4.20/Content/Local_Multiplayer/Models/Materials/palette.uasset" 349
"F:/Documents/Unreal Projects/a4PersonLocal 4.20/Content/Local_Multiplayer/Models/Model/Props/Ready_Pad_Prop/IndividualPieces/Base/Base.uasset" 350
"F:/Documents/Unreal Projects/a4PersonLocal 4.20/Content/Local_Multiplayer/Models/Model/Props/Ready_Pad_Prop/IndividualPieces/Ring1/Ringno2.uasset" 351
"F:/Documents/Unreal Projects/a4PersonLocal 4.20/Content/Local_Multiplayer/Models/Model/Props/Ready_Pad_Prop/IndividualPieces/Ring1/palette1.uasset" 352
"F:/Documents/Unreal Projects/a4PersonLocal 4.20/Content/Local_Multiplayer/Models/Model/Props/Ready_Pad_Prop/IndividualPieces/Ring1/Ringno1.uasset" 353
"F:/Documents/Unreal Projects/a4PersonLocal 4.20/Content/Local_Multiplayer/Models/Model/Props/Ready_Pad_Prop/Selection_Bases/P1Base.uasset" 354
"F:/Documents/Unreal Projects/a4PersonLocal 4.20/Content/Local_Multiplayer/Models/Model/Props/Ready_Pad_Prop/Selection_Bases/P1Base1.uasset" 355
"F:/Documents/Unreal Projects/a4PersonLocal 4.20/Content/Local_Multiplayer/Models/Model/Props/Ready_Pad_Prop/Selection_Bases/P1Base2.uasset" 356
"F:/Documents/Unreal Projects/a4PersonLocal 4.20/Content/Local_Multiplayer/Models/Model/Props/Ready_Pad_Prop/Selection_Bases/P1Base3.uasset" 357
"F:/Documents/Unreal Projects/a4PersonLocal 4.20/Content/Local_Multiplayer/Maps/Selection_Content/SelectLineupImage.uasset" 358
"F:/Documents/Unreal Projects/a4PersonLocal 4.20/Content/Local_Multiplayer/Maps/Start_Content/night-city-landscape-game-backgrounds-vector-illustration-77467018.uasset" 359
"F:/Documents/Unreal Projects/a4PersonLocal 4.20/Content/Local_Multiplayer/Maps/Selection_Content/Select_Screen/CharacterSelectScreen1.uasset" 360
"F:/Documents/Unreal Projects/a4PersonLocal 4.20/Content/Local_Multiplayer/Models/Model/Props/Selection_Prop/untitled.uasset" 361
"F:/Documents/Unreal Projects/a4PersonLocal 4.20/Content/Local_Multiplayer/Models/Model/Props/Selection_Prop/Character_Select.uasset" 362
"F:/Documents/Unreal Projects/a4PersonLocal 4.20/Content/Local_Multiplayer/Models/Model/Props/Selection_Prop/Character_Select1.uasset" 363
"F:/Documents/Unreal Projects/a4PersonLocal 4.20/Content/Local_Multiplayer/Models/Model/Props/Selection_Prop/Character_Select2.uasset" 364
"F:/Documents/Unreal Projects/a4PersonLocal 4.20/Content/Local_Multiplayer/Models/Model/Props/Selection_Prop/Character_Select3.uasset" 365
"F:/Documents/Unreal Projects/a4PersonLocal 4.20/Content/Local_Multiplayer/Maps/Selection_Content/ReturnImages/BackPressed.uasset" 366
"F:/Documents/Unreal Projects/a4PersonLocal 4.20/Content/Local_Multiplayer/Models/Textures/Return_To_Menu_Items/ApplyHovered.uasset" 367
"F:/Documents/Unreal Projects/a4PersonLocal 4.20/Content/Local_Multiplayer/Models/Textures/Return_To_Menu_Items/ApplyNormal.uasset" 368
"F:/Documents/Unreal Projects/a4PersonLocal 4.20/Content/Local_Multiplayer/Models/Textures/Return_To_Menu_Items/ApplyPressed.uasset" 369
"F:/Documents/Unreal Projects/a4PersonLocal 4.20/Content/Local_Multiplayer/Models/Textures/Return_To_Menu_Items/AudioHovered.uasset" 370
"F:/Documents/Unreal Projects/a4PersonLocal 4.20/Content/Local_Multiplayer/Models/Textures/Return_To_Menu_Items/AudioNormal.uasset" 371
"F:/Documents/Unreal Projects/a4PersonLocal 4.20/Content/Local_Multiplayer/Models/Textures/Return_To_Menu_Items/AudioPressed.uasset" 372
"F:/Documents/Unreal Projects/a4PersonLocal 4.20/Content/Local_Multiplayer/Models/Textures/Return_To_Menu_Items/BackHovered.uasset" 373
"F:/Documents/Unreal Projects/a4PersonLocal 4.20/Content/Local_Multiplayer/Models/Textures/Return_To_Menu_Items/BackNormal.uasset" 374
"F:/Documents/Unreal Projects/a4PersonLocal 4.20/Content/Local_Multiplayer/Models/Textures/Return_To_Menu_Items/ControlsHovered.uasset" 375
"F:/Documents/Unreal Projects/a4PersonLocal 4.20/Content/Local_Multiplayer/Models/Textures/Return_To_Menu_Items/ControlsNormal.uasset" 376
"F:/Documents/Unreal Projects/a4PersonLocal 4.20/Content/Local_Multiplayer/Models/Textures/Return_To_Menu_Items/ControlsPressed.uasset" 377
"F:/Documents/Unreal Projects/a4PersonLocal 4.20/Content/Local_Multiplayer/Models/Textures/Return_To_Menu_Items/MatchHovered.uasset" 378
"F:/Documents/Unreal Projects/a4PersonLocal 4.20/Content/Local_Multiplayer/Models/Textures/Return_To_Menu_Items/MatchNormal.uasset" 379
"F:/Documents/Unreal Projects/a4PersonLocal 4.20/Content/Local_Multiplayer/Models/Textures/Return_To_Menu_Items/MatchPressed.uasset" 380
"F:/Documents/Unreal Projects/a4PersonLocal 4.20/Content/Local_Multiplayer/Models/Textures/Return_To_Menu_Items/VideoPressed.uasset" 381
"F:/Documents/Unreal Projects/a4PersonLocal 4.20/Content/Local_Multiplayer/Maps/Selection_Content/Settings_Widgets/Video_Settings_Select.uasset" 382
"F:/Documents/Unreal Projects/a4PersonLocal 4.20/Content/Local_Multiplayer/Maps/Selection_Content/Settings_Widgets/Multiplayer_Settings_Select.uasset" 383
"F:/Documents/Unreal Projects/a4PersonLocal 4.20/Content/Local_Multiplayer/Models/Textures/Return_To_Menu_Items/VideoHovered.uasset" 384
"F:/Documents/Unreal Projects/a4PersonLocal 4.20/Content/Local_Multiplayer/Models/Textures/Return_To_Menu_Items/VideoNormal.uasset" 385
"F:/Documents/Unreal Projects/a4PersonLocal 4.20/Content/Local_Multiplayer/Maps/Selection_Content/Settings_Widgets/Match_Settings_Select.uasset" 386
"F:/Documents/Unreal Projects/a4PersonLocal 4.20/Content/Local_Multiplayer/Maps/Selection_Content/Settings_Widgets/Audio_Settings_Select.uasset" 387
"F:/Documents/Unreal Projects/a4PersonLocal 4.20/Content/Extra_Stuff/30deac362541a5920165ef8e4e07689d_microsoft-xbox-360-xbox-360-controller-drawing_664-476.uasset" 388
"F:/Documents/Unreal Projects/a4PersonLocal 4.20/Content/Local_Multiplayer/Maps/Selection_Content/Settings_Widgets/Controls_Settings_Select.uasset" 389
"F:/Documents/Unreal Projects/a4PersonLocal 4.20/Content/Local_Multiplayer/Maps/Start_Content/AreYouSureThatYouWantToQuit.uasset" 390
"F:/Documents/Unreal Projects/a4PersonLocal 4.20/Content/Local_Multiplayer/Maps/Start_Content/NoHovered.uasset" 391
"F:/Documents/Unreal Projects/a4PersonLocal 4.20/Content/Local_Multiplayer/Maps/Start_Content/NoNormal.uasset" 392
"F:/Documents/Unreal Projects/a4PersonLocal 4.20/Content/Local_Multiplayer/Maps/Start_Content/NoPressed.uasset" 393
"F:/Documents/Unreal Projects/a4PersonLocal 4.20/Content/Local_Multiplayer/Maps/Start_Content/YesHovered.uasset" 394
"F:/Documents/Unreal Projects/a4PersonLocal 4.20/Content/Local_Multiplayer/Maps/Start_Content/YesNormal.uasset" 395
"F:/Documents/Unreal Projects/a4PersonLocal 4.20/Content/Local_Multiplayer/Maps/Start_Content/YesPressed.uasset" 396
"F:/Documents/Unreal Projects/a4PersonLocal 4.20/Content/Local_Multiplayer/Maps/Start_Content/Are_You_Sure_Widget_Start.uasset" 397
"F:/Documents/Unreal Projects/a4PersonLocal 4.20/Content/Local_Multiplayer/Maps/Selection_Content/ReturnImages/BackHovered.uasset" 398
"F:/Documents/Unreal Projects/a4PersonLocal 4.20/Content/Local_Multiplayer/Models/Textures/Return_To_Menu_Items/BackPressed.uasset" 399
"F:/Documents/Unreal Projects/a4PersonLocal 4.20/Content/Local_Multiplayer/Maps/Start_Content/Credits_Start.uasset" 400
"F:/Documents/Unreal Projects/a4PersonLocal 4.20/Content/Local_Multiplayer/Maps/Selection_Content/ReturnImages/BackNormal.uasset" 401
"F:/Documents/Unreal Projects/a4PersonLocal 4.20/Content/Local_Multiplayer/Maps/Selection_Content/ReturnImages/CreditsHovered.uasset" 402
"F:/Documents/Unreal Projects/a4PersonLocal 4.20/Content/Local_Multiplayer/Maps/Selection_Content/ReturnImages/CreditsNormal.uasset" 403
"F:/Documents/Unreal Projects/a4PersonLocal 4.20/Content/Local_Multiplayer/Maps/Selection_Content/ReturnImages/CreditsPressed.uasset" 404
"F:/Documents/Unreal Projects/a4PersonLocal 4.20/Content/Local_Multiplayer/Maps/Selection_Content/ReturnImages/ExitHovered.uasset" 405
"F:/Documents/Unreal Projects/a4PersonLocal 4.20/Content/Local_Multiplayer/Maps/Selection_Content/ReturnImages/ExitNormal.uasset" 406
"F:/Documents/Unreal Projects/a4PersonLocal 4.20/Content/Local_Multiplayer/Maps/Selection_Content/ReturnImages/OptionsHovered.uasset" 407
"F:/Documents/Unreal Projects/a4PersonLocal 4.20/Content/Local_Multiplayer/Maps/Selection_Content/ReturnImages/OptionsNormal.uasset" 408
"F:/Documents/Unreal Projects/a4PersonLocal 4.20/Content/Local_Multiplayer/Maps/Selection_Content/ReturnImages/OptionsPressed.uasset" 409
"F:/Documents/Unreal Projects/a4PersonLocal 4.20/Content/Local_Multiplayer/Models/Textures/Return_To_Menu_Items/ExitHovered.uasset" 410
"F:/Documents/Unreal Projects/a4PersonLocal 4.20/Content/Local_Multiplayer/Models/Textures/Return_To_Menu_Items/ExitPressed.uasset" 411
"F:/Documents/Unreal Projects/a4PersonLocal 4.20/Content/Local_Multiplayer/Maps/Start_Content/Start_Return_Widget.uasset" 412
"F:/Documents/Unreal Projects/a4PersonLocal 4.20/Content/Local_Multiplayer/Maps/Selection_Content/Are_You_Sure_Widget_Select.uasset" 413
"F:/Documents/Unreal Projects/a4PersonLocal 4.20/Content/Local_Multiplayer/Maps/Selection_Content/Credits_Selection.uasset" 414
"F:/Documents/Unreal Projects/a4PersonLocal 4.20/Content/Local_Multiplayer/Maps/Selection_Content/ReturnImages/ExitPressed.uasset" 415
"F:/Documents/Unreal Projects/a4PersonLocal 4.20/Content/Local_Multiplayer/Maps/Selection_Content/Settings_Widgets/Select_Return_Widget.uasset" 416
"F:/Documents/Unreal Projects/a4PersonLocal 4.20/Content/Local_Multiplayer/Maps/Game_Content/NumberText/5.uasset" 417
"F:/Documents/Unreal Projects/a4PersonLocal 4.20/Content/Local_Multiplayer/Maps/Game_Content/NumberText/4.uasset" 418
"F:/Documents/Unreal Projects/a4PersonLocal 4.20/Content/Local_Multiplayer/Maps/Game_Content/NumberText/3.uasset" 419
"F:/Documents/Unreal Projects/a4PersonLocal 4.20/Content/Local_Multiplayer/Maps/Game_Content/NumberText/2.uasset" 420
"F:/Documents/Unreal Projects/a4PersonLocal 4.20/Content/Local_Multiplayer/Maps/Game_Content/NumberText/1.uasset" 421
"F:/Documents/Unreal Projects/a4PersonLocal 4.20/Content/Local_Multiplayer/Maps/Selection_Content/ReadyNumbers/Ready_To_Black.uasset" 422
"F:/Documents/Unreal Projects/a4PersonLocal 4.20/Content/Local_Multiplayer/Maps/Selection_Content/ReadyNumbers/Ready1.uasset" 423
"F:/Documents/Unreal Projects/a4PersonLocal 4.20/Content/Local_Multiplayer/Maps/Selection_Content/ReadyNumbers/Ready2.uasset" 424
"F:/Documents/Unreal Projects/a4PersonLocal 4.20/Content/Local_Multiplayer/Maps/Selection_Content/ReadyNumbers/Ready3.uasset" 425
"F:/Documents/Unreal Projects/a4PersonLocal 4.20/Content/Local_Multiplayer/Maps/Selection_Content/ReadyNumbers/Ready4.uasset" 426
"F:/Documents/Unreal Projects/a4PersonLocal 4.20/Content/Local_Multiplayer/Maps/Selection_Content/ReadyNumbers/Ready5.uasset" 427
"F:/Documents/Unreal Projects/a4PersonLocal 4.20/Content/Local_Multiplayer/Maps/Selection_Content/Select_Screen/CharacterSelectScreen2.uasset" 428
"F:/Documents/Unreal Projects/a4PersonLocal 4.20/Content/Local_Multiplayer/Maps/Selection_Content/Select_Screen/CharacterSelectScreen3.uasset" 429
"F:/Documents/Unreal Projects/a4PersonLocal 4.20/Content/Local_Multiplayer/Maps/Selection_Content/Select_Screen/CharacterSelectScreen4.uasset" 430
"F:/Documents/Unreal Projects/a4PersonLocal 4.20/Content/Local_Multiplayer/Models/Model/Character/Characterms_ControllerSelection.uasset" 431
"F:/Documents/Unreal Projects/a4PersonLocal 4.20/Content/Local_Multiplayer/Blueprints/GameBlueprint.uasset" 432
"F:/Documents/Unreal Projects/a4PersonLocal 4.20/Content/Local_Multiplayer/Maps/Game_Content/ReturnMenuItems/Are_You_Sure_Widget_Game.uasset" 433
"F:/Documents/Unreal Projects/a4PersonLocal 4.20/Content/Local_Multiplayer/Maps/Game_Content/ReturnMenuItems/Credits_Game.uasset" 434
"F:/Documents/Unreal Projects/a4PersonLocal 4.20/Content/Local_Multiplayer/Maps/Start_Content/Play.uasset" 435
"F:/Documents/Unreal Projects/a4PersonLocal 4.20/Content/Local_Multiplayer/Maps/Game_Content/ReturnMenuItems/BacktoGameBlank.uasset" 436
"F:/Documents/Unreal Projects/a4PersonLocal 4.20/Content/Local_Multiplayer/Maps/Game_Content/ReturnMenuItems/BacktoGame1.uasset" 437
"F:/Documents/Unreal Projects/a4PersonLocal 4.20/Content/Local_Multiplayer/Maps/Game_Content/ReturnMenuItems/BacktoGame2.uasset" 438
"F:/Documents/Unreal Projects/a4PersonLocal 4.20/Content/Local_Multiplayer/Maps/Game_Content/ReturnMenuItems/BacktoGame3.uasset" 439
"F:/Documents/Unreal Projects/a4PersonLocal 4.20/Content/Local_Multiplayer/Models/Textures/Return_To_Menu_Items/ReturnToMenuHovered.uasset" 440
"F:/Documents/Unreal Projects/a4PersonLocal 4.20/Content/Local_Multiplayer/Models/Textures/Return_To_Menu_Items/ReturnToMenuNormal.uasset" 441
"F:/Documents/Unreal Projects/a4PersonLocal 4.20/Content/Local_Multiplayer/Models/Textures/Return_To_Menu_Items/ReturnToMenuPressed.uasset" 442
"F:/Documents/Unreal Projects/a4PersonLocal 4.20/Content/Local_Multiplayer/Maps/Game_Content/ReturnMenuItems/Select_Return_WidgetGame.uasset" 443
"F:/Documents/Unreal Projects/a4PersonLocal 4.20/Content/Local_Multiplayer/Models/Model/Character/Characterms_ControllerGame.uasset" 444
"F:/Documents/Unreal Projects/a4PersonLocal 4.20/Content/Local_Multiplayer/Models/Model/Character/Hats/Bear.uasset" 445
"F:/Documents/Unreal Projects/a4PersonLocal 4.20/Content/Local_Multiplayer/Models/Model/Character/Characterms.uasset" 446
"F:/Documents/Unreal Projects/a4PersonLocal 4.20/Content/Local_Multiplayer/Blueprints/MainBlueprint.uasset" 447
"F:/Documents/Unreal Projects/a4PersonLocal 4.20/Content/Local_Multiplayer/Models/Materials/Red.uasset" 448
"F:/Documents/Unreal Projects/a4PersonLocal 4.20/Content/Local_Multiplayer/Maps/Selection_Content/Start_Button/P1Start.uasset" 449
"F:/Documents/Unreal Projects/a4PersonLocal 4.20/Content/Local_Multiplayer/Models/Light.uasset" 450
"F:/Documents/Unreal Projects/a4PersonLocal 4.20/Content/Local_Multiplayer/Models/Light1.uasset" 451
"F:/Documents/Unreal Projects/a4PersonLocal 4.20/Content/Local_Multiplayer/Maps/Selection_Content/Selection_Level_BuiltData.uasset" 452
"F:/Documents/Unreal Projects/a4PersonLocal 4.20/Content/Local_Multiplayer/Models/Materials/Floor.uasset" 453
"F:/Documents/Unreal Projects/a4PersonLocal 4.20/Content/Local_Multiplayer/Models/Materials/GameFloor.uasset" 454
"F:/Documents/Unreal Projects/a4PersonLocal 4.20/Content/Local_Multiplayer/Models/Materials/SelectionBG.uasset" 455
"F:/Documents/Unreal Projects/a4PersonLocal 4.20/Content/Local_Multiplayer/Models/Materials/SelectionBG_Mat.uasset" 456
"../../../Engine/Content/MapTemplates/SM_Template_Map_Floor.uasset" 457
"F:/Documents/Unreal Projects/a4PersonLocal 4.20/Content/Local_Multiplayer/Models/Textures/Return_To_Menu_Items/SelectionReadyHovered.uasset" 458
"F:/Documents/Unreal Projects/a4PersonLocal 4.20/Content/Local_Multiplayer/Maps/Selection_Content/Ready_Widget.uasset" 459
"F:/Documents/Unreal Projects/a4PersonLocal 4.20/Content/Local_Multiplayer/Maps/Selection_Content/Selection_Level.umap" 460
